Building DAG of jobs...
Using shell: /bin/bash
Provided cores: 1 (use --cores to define parallelism)
Rules claiming more threads will be scaled down.
Job counts:
	count	jobs
	1	all
	1	bcftools_call
	1	bwa_map
	1	plot_quals
	2	samtools_index
	2	samtools_sort
	8
Select jobs to execute...

[Fri Dec 11 16:34:33 2020]
rule bwa_map:
    input: data/genome.fa, data/samples/B.fastq
    output: mapped_reads/B.bam
    jobid: 6
    wildcards: sample=B

[Fri Dec 11 16:34:34 2020]
Finished job 6.
1 of 8 steps (12%) done
Select jobs to execute...

[Fri Dec 11 16:34:34 2020]
rule samtools_sort:
    input: mapped_reads/A.bam
    output: sorted_reads/A.bam
    jobid: 3
    wildcards: sample=A

[Fri Dec 11 16:34:34 2020]
Finished job 3.
2 of 8 steps (25%) done
Select jobs to execute...

[Fri Dec 11 16:34:34 2020]
rule samtools_index:
    input: sorted_reads/A.bam
    output: sorted_reads/A.bam.bai
    jobid: 7
    wildcards: sample=A

[Fri Dec 11 16:34:34 2020]
Finished job 7.
3 of 8 steps (38%) done
Select jobs to execute...

[Fri Dec 11 16:34:34 2020]
rule samtools_sort:
    input: mapped_reads/B.bam
    output: sorted_reads/B.bam
    jobid: 5
    wildcards: sample=B

[Fri Dec 11 16:34:35 2020]
Finished job 5.
4 of 8 steps (50%) done
Select jobs to execute...

[Fri Dec 11 16:34:35 2020]
rule samtools_index:
    input: sorted_reads/B.bam
    output: sorted_reads/B.bam.bai
    jobid: 8
    wildcards: sample=B

[Fri Dec 11 16:34:35 2020]
Finished job 8.
5 of 8 steps (62%) done
Select jobs to execute...

[Fri Dec 11 16:34:35 2020]
rule bcftools_call:
    input: data/genome.fa, sorted_reads/A.bam, sorted_reads/B.bam, sorted_reads/A.bam.bai, sorted_reads/B.bam.bai
    output: calls/all.vcf
    jobid: 2

[Fri Dec 11 16:34:35 2020]
Finished job 2.
6 of 8 steps (75%) done
Select jobs to execute...

[Fri Dec 11 16:34:35 2020]
rule plot_quals:
    input: calls/all.vcf
    output: plots/quals.svg
    jobid: 1

[Fri Dec 11 16:34:35 2020]
Error in rule plot_quals:
    jobid: 1
    output: plots/quals.svg

RuleException:
URLError in line 50 of /Users/anthonyfries/Documents/snakemake-tutorial/Snakefile:
<urlopen error [Errno 2] No such file or directory: '/Users/anthonyfries/Documents/snakemake-tutorial/scripts/plot-quals.py'>
  File "/Users/anthonyfries/miniconda3/envs/snakemake-tutorial/lib/python3.7/site-packages/snakemake/executors/__init__.py", line 2339, in run_wrapper
  File "/Users/anthonyfries/Documents/snakemake-tutorial/Snakefile", line 50, in __rule_plot_quals
  File "/Users/anthonyfries/miniconda3/envs/snakemake-tutorial/lib/python3.7/urllib/request.py", line 222, in urlopen
  File "/Users/anthonyfries/miniconda3/envs/snakemake-tutorial/lib/python3.7/urllib/request.py", line 525, in open
  File "/Users/anthonyfries/miniconda3/envs/snakemake-tutorial/lib/python3.7/urllib/request.py", line 543, in _open
  File "/Users/anthonyfries/miniconda3/envs/snakemake-tutorial/lib/python3.7/urllib/request.py", line 503, in _call_chain
  File "/Users/anthonyfries/miniconda3/envs/snakemake-tutorial/lib/python3.7/urllib/request.py", line 1484, in file_open
  File "/Users/anthonyfries/miniconda3/envs/snakemake-tutorial/lib/python3.7/urllib/request.py", line 1523, in open_local_file
  File "/Users/anthonyfries/miniconda3/envs/snakemake-tutorial/lib/python3.7/site-packages/snakemake/executors/__init__.py", line 560, in _callback
  File "/Users/anthonyfries/miniconda3/envs/snakemake-tutorial/lib/python3.7/concurrent/futures/thread.py", line 57, in run
  File "/Users/anthonyfries/miniconda3/envs/snakemake-tutorial/lib/python3.7/site-packages/snakemake/executors/__init__.py", line 546, in cached_or_run
  File "/Users/anthonyfries/miniconda3/envs/snakemake-tutorial/lib/python3.7/site-packages/snakemake/executors/__init__.py", line 2351, in run_wrapper
Shutting down, this might take some time.
Exiting because a job execution failed. Look above for error message
Complete log: /Users/anthonyfries/Documents/snakemake-tutorial/.snakemake/log/2020-12-11T163433.911207.snakemake.log
