Building DAG of jobs...
Using shell: /bin/bash
Provided cores: 1 (use --cores to define parallelism)
Rules claiming more threads will be scaled down.
Job counts:
	count	jobs
	1	all
	1	bcftools_call
	1	plot_quals
	2	samtools_index
	2	samtools_sort
	7
Select jobs to execute...

[Fri Dec 11 16:39:44 2020]
rule samtools_sort:
    input: mapped_reads/A.bam
    output: sorted_reads/A.bam
    jobid: 3
    reason: Forced execution
    wildcards: sample=A

[Fri Dec 11 16:39:44 2020]
Finished job 3.
1 of 7 steps (14%) done
Select jobs to execute...

[Fri Dec 11 16:39:44 2020]
rule samtools_index:
    input: sorted_reads/A.bam
    output: sorted_reads/A.bam.bai
    jobid: 7
    reason: Input files updated by another job: sorted_reads/A.bam
    wildcards: sample=A

[Fri Dec 11 16:39:44 2020]
Finished job 7.
2 of 7 steps (29%) done
Select jobs to execute...

[Fri Dec 11 16:39:44 2020]
rule samtools_sort:
    input: mapped_reads/B.bam
    output: sorted_reads/B.bam
    jobid: 5
    reason: Forced execution
    wildcards: sample=B

[Fri Dec 11 16:39:44 2020]
Finished job 5.
3 of 7 steps (43%) done
Select jobs to execute...

[Fri Dec 11 16:39:44 2020]
rule samtools_index:
    input: sorted_reads/B.bam
    output: sorted_reads/B.bam.bai
    jobid: 8
    reason: Input files updated by another job: sorted_reads/B.bam
    wildcards: sample=B

[Fri Dec 11 16:39:44 2020]
Finished job 8.
4 of 7 steps (57%) done
Select jobs to execute...

[Fri Dec 11 16:39:44 2020]
rule bcftools_call:
    input: data/genome.fa, sorted_reads/A.bam, sorted_reads/B.bam, sorted_reads/A.bam.bai, sorted_reads/B.bam.bai
    output: calls/all.vcf
    jobid: 2
    reason: Input files updated by another job: sorted_reads/B.bam, sorted_reads/B.bam.bai, sorted_reads/A.bam, sorted_reads/A.bam.bai

[Fri Dec 11 16:39:44 2020]
Finished job 2.
5 of 7 steps (71%) done
Select jobs to execute...

[Fri Dec 11 16:39:44 2020]
rule plot_quals:
    input: calls/all.vcf
    output: plots/quals.svg
    jobid: 1
    reason: Input files updated by another job: calls/all.vcf

[Fri Dec 11 16:39:45 2020]
Finished job 1.
6 of 7 steps (86%) done
Select jobs to execute...

[Fri Dec 11 16:39:45 2020]
localrule all:
    input: plots/quals.svg
    jobid: 0
    reason: Input files updated by another job: plots/quals.svg

[Fri Dec 11 16:39:45 2020]
Finished job 0.
7 of 7 steps (100%) done
Complete log: /Users/anthonyfries/Documents/snakemake-tutorial/.snakemake/log/2020-12-11T163944.193552.snakemake.log
