Building DAG of jobs...
Using shell: /bin/bash
Provided cores: 2
Rules claiming more threads will be scaled down.
Job counts:
	count	jobs
	1	all
	1	bcftools_call
	3	bwa_map
	1	plot_quals
	3	samtools_index
	3	samtools_sort
	12
Select jobs to execute...

[Tue Dec 15 15:38:38 2020]
rule bwa_map:
    input: data/genome.fa, data/samples/A.fastq
    output: mapped_reads/A.bam
    log: logs/bwa_mem/A.log
    jobid: 4
    wildcards: sample=A
    threads: 2

[Tue Dec 15 15:38:38 2020]
Finished job 4.
1 of 12 steps (8%) done
Select jobs to execute...

[Tue Dec 15 15:38:38 2020]
rule bwa_map:
    input: data/genome.fa, data/samples/B.fastq
    output: mapped_reads/B.bam
    log: logs/bwa_mem/B.log
    jobid: 6
    wildcards: sample=B
    threads: 2

[Tue Dec 15 15:38:39 2020]
Finished job 6.
2 of 12 steps (17%) done
Select jobs to execute...

[Tue Dec 15 15:38:39 2020]
rule samtools_sort:
    input: mapped_reads/A.bam
    output: sorted_reads/A.bam
    jobid: 3
    wildcards: sample=A


[Tue Dec 15 15:38:39 2020]
rule samtools_sort:
    input: mapped_reads/B.bam
    output: sorted_reads/B.bam
    jobid: 5
    wildcards: sample=B

Write-protecting output file sorted_reads/B.bam.
Removing temporary output file mapped_reads/B.bam.
[Tue Dec 15 15:38:39 2020]
Finished job 5.
3 of 12 steps (25%) done
Write-protecting output file sorted_reads/A.bam.
Removing temporary output file mapped_reads/A.bam.
[Tue Dec 15 15:38:39 2020]
Finished job 3.
4 of 12 steps (33%) done
Select jobs to execute...

[Tue Dec 15 15:38:39 2020]
rule bwa_map:
    input: data/genome.fa, data/samples/C.fastq
    output: mapped_reads/C.bam
    log: logs/bwa_mem/C.log
    jobid: 8
    wildcards: sample=C
    threads: 2

Select jobs to execute...
Failed to solve scheduling problem with ILP solver. Falling back to greedy solver.
[Tue Dec 15 15:38:39 2020]
Finished job 8.
5 of 12 steps (42%) done
Select jobs to execute...

[Tue Dec 15 15:38:39 2020]
rule samtools_sort:
    input: mapped_reads/C.bam
    output: sorted_reads/C.bam
    jobid: 7
    wildcards: sample=C


[Tue Dec 15 15:38:39 2020]
rule samtools_index:
    input: sorted_reads/A.bam
    output: sorted_reads/A.bam.bai
    jobid: 9
    wildcards: sample=A

[Tue Dec 15 15:38:39 2020]
Finished job 9.
6 of 12 steps (50%) done
Write-protecting output file sorted_reads/C.bam.
Removing temporary output file mapped_reads/C.bam.
[Tue Dec 15 15:38:39 2020]
Finished job 7.
7 of 12 steps (58%) done
Select jobs to execute...

[Tue Dec 15 15:38:39 2020]
rule samtools_index:
    input: sorted_reads/B.bam
    output: sorted_reads/B.bam.bai
    jobid: 10
    wildcards: sample=B


[Tue Dec 15 15:38:39 2020]
rule samtools_index:
    input: sorted_reads/C.bam
    output: sorted_reads/C.bam.bai
    jobid: 11
    wildcards: sample=C

[Tue Dec 15 15:38:40 2020]
Finished job 10.
8 of 12 steps (67%) done
[Tue Dec 15 15:38:40 2020]
Finished job 11.
9 of 12 steps (75%) done
Select jobs to execute...

[Tue Dec 15 15:38:40 2020]
rule bcftools_call:
    input: data/genome.fa, sorted_reads/A.bam, sorted_reads/B.bam, sorted_reads/C.bam, sorted_reads/A.bam.bai, sorted_reads/B.bam.bai, sorted_reads/C.bam.bai
    output: calls/all.vcf
    log: logs/bcf_calls/calls_all.log
    jobid: 2

[Tue Dec 15 15:38:40 2020]
Finished job 2.
10 of 12 steps (83%) done
Select jobs to execute...

[Tue Dec 15 15:38:40 2020]
rule plot_quals:
    input: calls/all.vcf
    output: plots/quals.svg
    jobid: 1

[Tue Dec 15 15:38:40 2020]
Finished job 1.
11 of 12 steps (92%) done
Select jobs to execute...

[Tue Dec 15 15:38:41 2020]
localrule all:
    input: plots/quals.svg
    jobid: 0

[Tue Dec 15 15:38:41 2020]
Finished job 0.
12 of 12 steps (100%) done
Complete log: /Users/anthonyfries/Documents/snakemake-tutorial/.snakemake/log/2020-12-15T153838.114655.snakemake.log
